<?xml version="1.0" encoding="UTF-8"?>
<testng-results ignored="0" total="2" passed="2" failed="0" skipped="0">
  <reporter-output>
  </reporter-output>
  <suite started-at="2019-09-30T09:16:23Z" name="TestMethods" finished-at="2019-09-30T09:16:27Z" duration-ms="3843">
    <groups>
    </groups>
    <test started-at="2019-09-30T09:16:23Z" name="all-tests" finished-at="2019-09-30T09:16:27Z" duration-ms="3843">
      <class name="TestMethods.GetMethod">
        <test-method signature="getMethod()[pri:0, instance:TestMethods.GetMethod@7fd7a283]" started-at="2019-09-30T09:16:23Z" name="getMethod" finished-at="2019-09-30T09:16:26Z" duration-ms="2749" status="PASS">
          <reporter-output>
          </reporter-output>
        </test-method> <!-- getMethod -->
      </class> <!-- TestMethods.GetMethod -->
      <class name="TestMethods.PostMethod">
        <test-method signature="postMethod()[pri:0, instance:TestMethods.PostMethod@22f59fa]" started-at="2019-09-30T09:16:26Z" name="postMethod" finished-at="2019-09-30T09:16:27Z" duration-ms="823" status="PASS">
          <reporter-output>
          </reporter-output>
        </test-method> <!-- postMethod -->
      </class> <!-- TestMethods.PostMethod -->
    </test> <!-- all-tests -->
  </suite> <!-- TestMethods -->
</testng-results>
